Arguments: 
  C:\Program Files\nodejs\node.exe C:\Program Files (x86)\Yarn\bin\yarn.js

PATH: 
  C:\bin\cmder\bin;C:\bin\cmder\vendor\bin;C:\WINDOWS\system32;C:\WINDOWS;C:\WINDOWS\System32\Wbem;C:\WINDOWS\System32\WindowsPowerShell\v1.0\;C:\WINDOWS\System32\OpenSSH\;C:\Program Files\Intel\WiFi\bin\;C:\Program Files\Common Files\Intel\WirelessCommon\;C:\Program Files (x86)\Intel\Intel(R) Management Engine Components\DAL;C:\Program Files\Intel\Intel(R) Management Engine Components\DAL;C:\Program Files\Git\cmd;C:\Program Files\dotnet\;C:\Program Files\Microsoft SQL Server\130\Tools\Binn\;C:\Program Files (x86)\Yarn\bin\;C:\Program Files\nodejs\;C:\bin\cmder;C:\Go\bin;C:\Users\gulu\AppData\Local\Microsoft\WindowsApps;C:\Users\gulu\AppData\Local\Programs\Microsoft VS Code\bin;C:\Exercism;C:\Program Files (x86)\Sophos\Sophos SSL VPN Client\bin;C:\Users\gulu\.dotnet\tools;C:\Users\gulu\AppData\Local\Pandoc\;C:\Users\gulu\go\bin;C:\Users\gulu\AppData\Local\Programs\Python\Python39;C:\Users\gulu\AppData\Local\Programs\Python\Python39\Scripts\;C:\Program Files\Git\mingw64\bin;C:\Program Files\Git\usr\bin;C:\bin\cmder\vendor\git-for-windows\cmd;C:\bin\cmder\vendor\git-for-windows\mingw64\bin;C:\bin\cmder\vendor\git-for-windows\usr\bin

Yarn version: 
  1.19.1

Node version: 
  12.13.1

Platform: 
  win32 x64

Trace: 
  Error: EPERM: operation not permitted, unlink 'C:\Users\gulu\projects\portfolio\node_modules\node-sass\vendor\win32-x64-72\binding.node'

npm manifest: 
  {
    "name": "my-portfolio",
    "version": "1.0.0",
    "description": "",
    "main": "index.js",
    "proxy": "http://localhost:8000",
    "engines": {
      "node": "12.x"
    },
    "scripts": {
      "start": "webpack-dev-server --open --config ./webpack/webpack.dev.js",
      "test": "jest --watch",
      "lint": "eslint '**/*.js'",
      "build": "webpack --config ./webpack/webpack.prod.js"
    },
    "keywords": [],
    "author": "",
    "license": "ISC",
    "dependencies": {
      "@babel/plugin-proposal-class-properties": "^7.7.0",
      "@popperjs/core": "^2.4.4",
      "animate.css": "^4.1.0",
      "lodash": "^4.17.19",
      "moment": "^2.27.0",
      "normalize.css": "^8.0.1",
      "prop-types": "^15.7.2",
      "react": "^16.10.2",
      "react-dom": "^16.10.2",
      "react-helmet": "^6.1.0",
      "react-popper": "^2.2.3",
      "react-router-dom": "^5.1.2",
      "react-transition-group": "^4.3.0",
      "styled-components": "^4.4.0",
      "webpack": "^4.39.3",
      "webpack-node-externals": "^1.7.2",
      "@babel/core": "^7.5.5",
      "@babel/plugin-transform-modules-commonjs": "^7.5.0",
      "@babel/preset-env": "^7.6.3",
      "@babel/preset-react": "^7.0.0",
      "@babel/preset-typescript": "^7.3.3",
      "@fortawesome/fontawesome-free": "^5.11.2",
      "babel-loader": "^8.0.6",
      "babel-plugin-styled-components": "^1.10.6",
      "clean-webpack-plugin": "^3.0.0",
      "css-loader": "^3.2.0",
      "file-loader": "^4.2.0",
      "html-webpack-plugin": "^3.2.0",
      "node-sass": "^4.14.1",
      "sass-loader": "^8.0.0",
      "source-map-loader": "^0.2.4",
      "style-loader": "^1.0.0",
      "url-loader": "^2.2.0",
      "webpack-cli": "^3.3.8"
    },
    "devDependencies": {
      "dotenv-webpack": "^1.7.0",
      "eslint": "^6.3.0",
      "eslint-config-prettier": "^6.11.0",
      "eslint-config-prettier-standard": "^3.0.1",
      "eslint-config-standard": "^14.1.1",
      "eslint-plugin-import": "^2.22.0",
      "eslint-plugin-jest": "^22.17.0",
      "eslint-plugin-node": "^10.0.0",
      "eslint-plugin-prettier": "^3.1.4",
      "eslint-plugin-promise": "^4.2.1",
      "eslint-plugin-react": "^7.16.0",
      "eslint-plugin-standard": "^4.0.1",
      "jest": "^24.9.0",
      "prettier": "2.0.5",
      "prettier-config-standard": "^1.0.1",
      "webpack-dev-server": "^3.11.0"
    }
  }

yarn manifest: 
  No manifest

Lockfile: 
  No lockfile
